{
  "Unit Tests": {
    "coverage": {
      "C:/Users/wildl/OneDrive/Documents/eng-intern-assessment-rails/app/controllers/articles_controller.rb": {
        "lines": [
          null,
          null,
          null,
          null,
          1,
          1,
          1,
          null,
          null,
          null,
          1,
          1,
          1,
          null,
          null,
          null,
          null,
          null,
          1,
          3,
          1,
          null,
          null,
          null,
          null,
          1,
          1,
          1,
          null,
          null,
          null,
          1,
          2,
          null,
          2,
          null,
          1,
          null,
          1,
          null,
          1,
          null,
          null,
          null,
          null,
          1,
          null,
          null,
          null,
          1,
          2,
          null,
          1,
          null,
          1,
          null,
          1,
          null,
          null,
          null,
          null,
          1,
          1,
          1,
          1,
          null,
          null,
          null,
          1,
          2,
          2,
          null,
          2,
          null,
          2,
          null,
          null,
          null,
          1,
          1,
          null,
          null,
          1,
          null,
          1,
          null,
          null
        ]
      },
      "C:/Users/wildl/OneDrive/Documents/eng-intern-assessment-rails/app/controllers/application_controller.rb": {
        "lines": [
          1,
          null
        ]
      },
      "C:/Users/wildl/OneDrive/Documents/eng-intern-assessment-rails/app/models/article.rb": {
        "lines": [
          null,
          null,
          null,
          null,
          1,
          null,
          1,
          null,
          null,
          1,
          null,
          null,
          1,
          null,
          null,
          1,
          null,
          1,
          null,
          null,
          null,
          1,
          2,
          null,
          null
        ]
      },
      "C:/Users/wildl/OneDrive/Documents/eng-intern-assessment-rails/app/models/application_record.rb": {
        "lines": [
          1,
          1,
          null
        ]
      }
    },
    "timestamp": 1705273047
  },
  "RSpec": {
    "coverage": {
      "C:/Users/wildl/OneDrive/Documents/eng-intern-assessment-rails/app/models/article.rb": {
        "lines": [
          null,
          null,
          null,
          null,
          1,
          null,
          1,
          null,
          null,
          1,
          null,
          null,
          1,
          null,
          null,
          1,
          null,
          1,
          null,
          null,
          null,
          1,
          0,
          null,
          null
        ]
      },
      "C:/Users/wildl/OneDrive/Documents/eng-intern-assessment-rails/app/models/application_record.rb": {
        "lines": [
          1,
          1,
          null
        ]
      }
    },
    "timestamp": 1705282395
  }
}
